2025-08-02 17:45:29  INFO: Operating system name: Linux version: 6.6.87.2-microsoft-standard-WSL2 architecture: amd64
2025-08-02 17:45:29  INFO: Java runtime name: OpenJDK 64-Bit Server VM vendor: Ubuntu version: 17.0.15+6-Ubuntu-0ubuntu122.04
2025-08-02 17:45:29  INFO: Memory limit heap: 954mb non-heap: 0mb
2025-08-02 17:45:29  INFO: Character encoding: UTF-8
2025-08-02 17:45:29  INFO: Version: 6.8.1
2025-08-02 17:45:29  INFO: Starting server...
2025-08-02 17:45:29  INFO: HikariPool-1 - Starting...
2025-08-02 17:45:29  INFO: HikariPool-1 - Added connection conn0: url=jdbc:h2:./data/database user=SA
2025-08-02 17:45:29  INFO: HikariPool-1 - Start completed.
2025-08-02 17:45:29  INFO: Set default schema name to PUBLIC
2025-08-02 17:45:29  INFO: Clearing database change log checksums
2025-08-02 17:45:30  INFO: Successfully acquired change log lock
2025-08-02 17:45:30  INFO: Creating database history table with name: PUBLIC.DATABASECHANGELOG
2025-08-02 17:45:30  INFO: Successfully released change log lock
2025-08-02 17:45:31  INFO: Reading from PUBLIC.DATABASECHANGELOG
2025-08-02 17:45:31  INFO: Successfully acquired change log lock
2025-08-02 17:45:31  INFO: Using deploymentId: 4167531358
2025-08-02 17:45:31  INFO: Reading from PUBLIC.DATABASECHANGELOG
2025-08-02 17:45:31  INFO: Table tc_attributes created
2025-08-02 17:45:31  INFO: Table tc_calendars created
2025-08-02 17:45:31  INFO: Table tc_commands created
2025-08-02 17:45:31  INFO: Table tc_device_attribute created
2025-08-02 17:45:31  INFO: Table tc_device_command created
2025-08-02 17:45:31  INFO: Table tc_device_driver created
2025-08-02 17:45:31  INFO: Table tc_device_geofence created
2025-08-02 17:45:31  INFO: Table tc_device_maintenance created
2025-08-02 17:45:31  INFO: Table tc_device_notification created
2025-08-02 17:45:31  INFO: Table tc_devices created
2025-08-02 17:45:31  INFO: Table tc_drivers created
2025-08-02 17:45:31  INFO: Table tc_events created
2025-08-02 17:45:31  INFO: Table tc_geofences created
2025-08-02 17:45:31  INFO: Table tc_group_attribute created
2025-08-02 17:45:31  INFO: Table tc_group_command created
2025-08-02 17:45:31  INFO: Table tc_group_driver created
2025-08-02 17:45:31  INFO: Table tc_group_geofence created
2025-08-02 17:45:31  INFO: Table tc_group_maintenance created
2025-08-02 17:45:31  INFO: Table tc_group_notification created
2025-08-02 17:45:31  INFO: Table tc_groups created
2025-08-02 17:45:31  INFO: Table tc_maintenances created
2025-08-02 17:45:31  INFO: Table tc_notifications created
2025-08-02 17:45:31  INFO: Table tc_positions created
2025-08-02 17:45:31  INFO: Table tc_servers created
2025-08-02 17:45:31  INFO: Table tc_statistics created
2025-08-02 17:45:31  INFO: Table tc_user_attribute created
2025-08-02 17:45:31  INFO: Table tc_user_calendar created
2025-08-02 17:45:31  INFO: Table tc_user_command created
2025-08-02 17:45:31  INFO: Table tc_user_device created
2025-08-02 17:45:31  INFO: Table tc_user_driver created
2025-08-02 17:45:31  INFO: Table tc_user_geofence created
2025-08-02 17:45:31  INFO: Table tc_user_group created
2025-08-02 17:45:31  INFO: Table tc_user_maintenance created
2025-08-02 17:45:31  INFO: Table tc_user_notification created
2025-08-02 17:45:31  INFO: Table tc_user_user created
2025-08-02 17:45:31  INFO: Table tc_users created
2025-08-02 17:45:31  INFO: Foreign key constraint added to tc_device_command (commandid)
2025-08-02 17:45:31  INFO: Foreign key constraint added to tc_device_command (deviceid)
2025-08-02 17:45:31  INFO: Foreign key constraint added to tc_device_driver (deviceid)
2025-08-02 17:45:31  INFO: Foreign key constraint added to tc_device_driver (driverid)
2025-08-02 17:45:31  INFO: Foreign key constraint added to tc_device_geofence (deviceid)
2025-08-02 17:45:31  INFO: Foreign key constraint added to tc_device_geofence (geofenceid)
2025-08-02 17:45:31  INFO: Foreign key constraint added to tc_device_maintenance (deviceid)
2025-08-02 17:45:31  INFO: Foreign key constraint added to tc_device_maintenance (maintenanceid)
2025-08-02 17:45:31  INFO: Foreign key constraint added to tc_device_notification (deviceid)
2025-08-02 17:45:31  INFO: Foreign key constraint added to tc_device_notification (notificationid)
2025-08-02 17:45:31  INFO: Foreign key constraint added to tc_devices (groupid)
2025-08-02 17:45:31  INFO: Foreign key constraint added to tc_events (deviceid)
2025-08-02 17:45:31  INFO: Foreign key constraint added to tc_geofences (calendarid)
2025-08-02 17:45:31  INFO: Foreign key constraint added to tc_group_attribute (attributeid)
2025-08-02 17:45:31  INFO: Foreign key constraint added to tc_group_attribute (groupid)
2025-08-02 17:45:31  INFO: Foreign key constraint added to tc_group_command (commandid)
2025-08-02 17:45:31  INFO: Foreign key constraint added to tc_group_command (groupid)
2025-08-02 17:45:31  INFO: Foreign key constraint added to tc_group_driver (driverid)
2025-08-02 17:45:31  INFO: Foreign key constraint added to tc_group_driver (groupid)
2025-08-02 17:45:31  INFO: Foreign key constraint added to tc_group_geofence (geofenceid)
2025-08-02 17:45:31  INFO: Foreign key constraint added to tc_group_geofence (groupid)
2025-08-02 17:45:31  INFO: Foreign key constraint added to tc_group_maintenance (groupid)
2025-08-02 17:45:31  INFO: Foreign key constraint added to tc_group_maintenance (maintenanceid)
2025-08-02 17:45:31  INFO: Foreign key constraint added to tc_group_notification (groupid)
2025-08-02 17:45:31  INFO: Foreign key constraint added to tc_group_notification (notificationid)
2025-08-02 17:45:31  INFO: Foreign key constraint added to tc_notifications (calendarid)
2025-08-02 17:45:31  INFO: Foreign key constraint added to tc_positions (deviceid)
2025-08-02 17:45:31  INFO: Foreign key constraint added to tc_user_attribute (attributeid)
2025-08-02 17:45:31  INFO: Foreign key constraint added to tc_user_attribute (userid)
2025-08-02 17:45:31  INFO: Foreign key constraint added to tc_user_calendar (calendarid)
2025-08-02 17:45:31  INFO: Foreign key constraint added to tc_user_calendar (userid)
2025-08-02 17:45:31  INFO: Foreign key constraint added to tc_user_command (commandid)
2025-08-02 17:45:31  INFO: Foreign key constraint added to tc_user_command (userid)
2025-08-02 17:45:31  INFO: Foreign key constraint added to tc_device_attribute (attributeid)
2025-08-02 17:45:31  INFO: Foreign key constraint added to tc_device_attribute (deviceid)
2025-08-02 17:45:31  INFO: Foreign key constraint added to tc_user_device (deviceid)
2025-08-02 17:45:31  INFO: Foreign key constraint added to tc_user_device (userid)
2025-08-02 17:45:31  INFO: Foreign key constraint added to tc_user_driver (driverid)
2025-08-02 17:45:31  INFO: Foreign key constraint added to tc_user_driver (userid)
2025-08-02 17:45:31  INFO: Foreign key constraint added to tc_user_geofence (geofenceid)
2025-08-02 17:45:31  INFO: Foreign key constraint added to tc_user_geofence (userid)
2025-08-02 17:45:31  INFO: Foreign key constraint added to tc_user_group (groupid)
2025-08-02 17:45:31  INFO: Foreign key constraint added to tc_user_group (userid)
2025-08-02 17:45:31  INFO: Foreign key constraint added to tc_user_maintenance (maintenanceid)
2025-08-02 17:45:31  INFO: Foreign key constraint added to tc_user_maintenance (userid)
2025-08-02 17:45:31  INFO: Foreign key constraint added to tc_user_notification (notificationid)
2025-08-02 17:45:31  INFO: Foreign key constraint added to tc_user_notification (userid)
2025-08-02 17:45:31  INFO: Foreign key constraint added to tc_user_user (userid)
2025-08-02 17:45:31  INFO: New row inserted into tc_servers
2025-08-02 17:45:31  INFO: ChangeSet changelog-4.0-clean::changelog-4.0-clean::author ran successfully in 139ms
2025-08-02 17:45:31  INFO: Foreign key constraint added to tc_groups (groupid)
2025-08-02 17:45:31  INFO: Foreign key constraint added to tc_user_user (manageduserid)
2025-08-02 17:45:31  INFO: ChangeSet changelog-4.0-clean::changelog-4.0-clean-common::author ran successfully in 4ms
2025-08-02 17:45:31  INFO: Marking ChangeSet: "changelog-4.1::changelog-4.1-mssql::author" as ran despite precondition failure due to onFail='MARK_RAN': 
          schema/changelog-master.xml : DBMS Precondition failed: expected mssql, got h2

2025-08-02 17:45:31  INFO: Index user_device_user_id created
2025-08-02 17:45:31  INFO: Index position_deviceid_fixtime created
2025-08-02 17:45:31  INFO: ChangeSet changelog-4.7::changelog-4.7::author ran successfully in 48ms
2025-08-02 17:45:31  INFO: Index event_deviceid_servertime created
2025-08-02 17:45:31  INFO: ChangeSet changelog-4.9::changelog-4.9::author ran successfully in 1ms
2025-08-02 17:45:31  INFO: Columns protocols(VARCHAR(4096)) added to tc_statistics
2025-08-02 17:45:31  INFO: ChangeSet changelog-4.10::changelog-4.10::author ran successfully in 11ms
2025-08-02 17:45:31  INFO: Columns announcement(VARCHAR(4000)) added to tc_servers
2025-08-02 17:45:31  INFO: ChangeSet changelog-4.11::changelog-4.11::author ran successfully in 5ms
2025-08-02 17:45:31  INFO: Column tc_events.servertime renamed to eventtime
2025-08-02 17:45:31  INFO: ChangeSet changelog-4.13::changelog-4.13::author ran successfully in 2ms
2025-08-02 17:45:31  INFO: Table tc_orders created
2025-08-02 17:45:31  INFO: Table tc_user_order created
2025-08-02 17:45:31  INFO: Foreign key constraint added to tc_user_order (userid)
2025-08-02 17:45:31  INFO: Foreign key constraint added to tc_user_order (orderid)
2025-08-02 17:45:31  INFO: Table tc_group_order created
2025-08-02 17:45:31  INFO: Foreign key constraint added to tc_group_order (groupid)
2025-08-02 17:45:31  INFO: Foreign key constraint added to tc_group_order (orderid)
2025-08-02 17:45:31  INFO: Table tc_device_order created
2025-08-02 17:45:31  INFO: Foreign key constraint added to tc_device_order (deviceid)
2025-08-02 17:45:31  INFO: Foreign key constraint added to tc_device_order (orderid)
2025-08-02 17:45:31  INFO: ChangeSet changelog-4.15::changelog-4.15::author ran successfully in 23ms
2025-08-02 17:45:31  INFO: Columns disablereports(BOOLEAN) added to tc_servers
2025-08-02 17:45:31  INFO: Columns disablereports(BOOLEAN) added to tc_users
2025-08-02 17:45:31  INFO: Column tc_orders.toAddress renamed to toaddresstmp
2025-08-02 17:45:31  INFO: Column tc_orders.fromAddress renamed to fromaddresstmp
2025-08-02 17:45:31  INFO: Column tc_orders.toaddresstmp renamed to toaddress
2025-08-02 17:45:31  INFO: Column tc_orders.fromaddresstmp renamed to fromaddress
2025-08-02 17:45:31  INFO: ChangeSet changelog-5.0::changelog-5.0::author ran successfully in 23ms
2025-08-02 17:45:31  INFO: Index idx_drivers_uniqueid created
2025-08-02 17:45:31  INFO: Index idx_devices_uniqueid created
2025-08-02 17:45:31  INFO: Index idx_users_email created
2025-08-02 17:45:31  INFO: Index idx_users_login created
2025-08-02 17:45:31  INFO: Index idx_users_token created
2025-08-02 17:45:31  INFO: Columns overlayurl(VARCHAR(512)) added to tc_servers
2025-08-02 17:45:31  INFO: ChangeSet changelog-5.1::changelog-5.1::author ran successfully in 7ms
2025-08-02 17:45:31  INFO: Columns status(CHAR(8)) added to tc_devices
2025-08-02 17:45:31  INFO: Columns geofenceids(VARCHAR(128)) added to tc_devices
2025-08-02 17:45:31  INFO: ChangeSet changelog-5.2::changelog-5.2::author ran successfully in 17ms
2025-08-02 17:45:31  INFO: Columns fixedemail(BOOLEAN) added to tc_servers
2025-08-02 17:45:31  INFO: Columns fixedemail(BOOLEAN) added to tc_users
2025-08-02 17:45:31  INFO: Columns expirationtime(TIMESTAMP) added to tc_devices
2025-08-02 17:45:31  INFO: Table tc_keystore created
2025-08-02 17:45:31  INFO: Index idx_users_token dropped from table tc_users
2025-08-02 17:45:31  INFO: Column tc_users.token dropped
2025-08-02 17:45:31  INFO: ChangeSet changelog-5.3::changelog-5.3::author ran successfully in 28ms
2025-08-02 17:45:31  INFO: Columns motionstate(BOOLEAN),motiontime(TIMESTAMP),motiondistance(DOUBLE),overspeedstate(BOOLEAN),overspeedtime(TIMESTAMP),overspeedgeofenceid(INT) added to tc_devices
2025-08-02 17:45:31  INFO: Table tc_commands_queue created
2025-08-02 17:45:31  INFO: Foreign key constraint added to tc_commands_queue (deviceid)
2025-08-02 17:45:31  INFO: Index idx_commands_queue_deviceid created
2025-08-02 17:45:31  INFO: ChangeSet changelog-5.4::changelog-5.4::author ran successfully in 38ms
2025-08-02 17:45:31  INFO: Column tc_commands_queue.description dropped
2025-08-02 17:45:31  INFO: ChangeSet changelog-5.5::changelog-5.5::author ran successfully in 3ms
2025-08-02 17:45:32  INFO: Columns motionstreak(BOOLEAN) added to tc_devices
2025-08-02 17:45:32  INFO: Table tc_reports created
2025-08-02 17:45:32  INFO: Foreign key constraint added to tc_reports (calendarid)
2025-08-02 17:45:32  INFO: Table tc_user_report created
2025-08-02 17:45:32  INFO: Foreign key constraint added to tc_user_report (userid)
2025-08-02 17:45:32  INFO: Foreign key constraint added to tc_user_report (reportid)
2025-08-02 17:45:32  INFO: Table tc_group_report created
2025-08-02 17:45:32  INFO: Foreign key constraint added to tc_group_report (groupid)
2025-08-02 17:45:32  INFO: Foreign key constraint added to tc_group_report (reportid)
2025-08-02 17:45:32  INFO: Table tc_device_report created
2025-08-02 17:45:32  INFO: Foreign key constraint added to tc_device_report (deviceid)
2025-08-02 17:45:32  INFO: Foreign key constraint added to tc_device_report (reportid)
2025-08-02 17:45:32  INFO: ChangeSet changelog-5.6::changelog-5.6::author ran successfully in 22ms
2025-08-02 17:45:32  INFO: Columns commandid(INT) added to tc_notifications
2025-08-02 17:45:32  INFO: Foreign key constraint added to tc_notifications (commandid)
2025-08-02 17:45:32  INFO: ChangeSet changelog-5.7::changelog-5.7::author ran successfully in 7ms
2025-08-02 17:45:32  INFO: Column tc_devices.geofenceids dropped
2025-08-02 17:45:32  INFO: Columns geofenceids(VARCHAR(128)) added to tc_positions
2025-08-02 17:45:32  INFO: ChangeSet changelog-5.8::changelog-5.8::author ran successfully in 10ms
2025-08-02 17:45:32  INFO: Columns calendarid(INT) added to tc_devices
2025-08-02 17:45:32  INFO: Foreign key constraint added to tc_devices (calendarid)
2025-08-02 17:45:32  INFO: ChangeSet changelog-5.9::changelog-5.9::author ran successfully in 8ms
2025-08-02 17:45:32  INFO: Columns totpkey(VARCHAR(64)) added to tc_users
2025-08-02 17:45:32  INFO: ChangeSet changelog-5.10::changelog-5.10::author ran successfully in 6ms
2025-08-02 17:45:32  INFO: Columns temporary(BOOLEAN) added to tc_users
2025-08-02 17:45:32  INFO: ChangeSet changelog-5.11::changelog-5.11::author ran successfully in 9ms
2025-08-02 17:45:32  INFO: Column tc_servers.twelvehourformat dropped
2025-08-02 17:45:32  INFO: Column tc_users.twelvehourformat dropped
2025-08-02 17:45:32  INFO: Columns priority(INT) added to tc_attributes
2025-08-02 17:45:32  INFO: ChangeSet changelog-6.2::changelog-6.2::author ran successfully in 14ms
2025-08-02 17:45:32  INFO: Marking ChangeSet: "changelog-6.3::changelog-6.3-old::author" as ran despite precondition failure due to onFail='MARK_RAN': 
          schema/changelog-master.xml : Foreign Key PUBLIC.fk_event_deviceid does not exist

2025-08-02 17:45:32  INFO: Foreign key fk_events_deviceid dropped
2025-08-02 17:45:32  INFO: Foreign key fk_positions_deviceid dropped
2025-08-02 17:45:32  INFO: ChangeSet changelog-6.3::changelog-6.3-new::author ran successfully in 29ms
2025-08-02 17:45:32  INFO: Columns description(VARCHAR(4000)) added to tc_notifications
2025-08-02 17:45:32  INFO: ChangeSet changelog-6.6::changelog-6.6::author ran successfully in 3ms
2025-08-02 17:45:32  INFO: Table tc_actions created
2025-08-02 17:45:32  INFO: ChangeSet changelog-6.7.0::changelog-6.7.0::author ran successfully in 9ms
2025-08-02 17:45:32  INFO: Marking ChangeSet: "changelog-6.8.0::changelog-6.8.0-timescale::author" as ran despite precondition failure due to onFail='MARK_RAN': 
          schema/changelog-master.xml : DBMS Precondition failed: expected postgresql, got h2

2025-08-02 17:45:32  INFO: Columns motionpositionid(INT) added to tc_devices
2025-08-02 17:45:32  INFO: ChangeSet changelog-6.9.0::changelog-6.9.0::author ran successfully in 6ms
2025-08-02 17:45:32  INFO: UPDATE SUMMARY
2025-08-02 17:45:32  INFO: Run:                         28
2025-08-02 17:45:32  INFO: Previously run:               0
2025-08-02 17:45:32  INFO: Filtered out:                 0
2025-08-02 17:45:32  INFO: -------------------------------
2025-08-02 17:45:32  INFO: Total change sets:           28

2025-08-02 17:45:32  INFO: Update summary generated
2025-08-02 17:45:32  INFO: Update command completed successfully.
2025-08-02 17:45:32  INFO: Successfully released change log lock
2025-08-02 17:45:32  INFO: Command execution complete
2025-08-02 17:45:33  INFO: jetty-11.0.25; built: 2025-03-13T00:15:57.301Z; git: a2e9fae3ad8320f2a713d4fa29bba356a99d1295; jvm 17.0.15+6-Ubuntu-0ubuntu122.04
2025-08-02 17:45:33  INFO: Started o.t.w.@664392f1{/,null,AVAILABLE}
2025-08-02 17:45:33  INFO: Session workerName=node0
2025-08-02 17:45:33  INFO: Started o.e.j.s.ServletContextHandler@79e621c{/,null,AVAILABLE}
2025-08-02 17:45:33  INFO: Started ServerConnector@2dfaa13c{HTTP/1.1, (http/1.1)}{0.0.0.0:8082}
2025-08-02 17:45:33  INFO: Started Server@6e00588e{STARTING}[11.0.25,sto=0] @5233ms
2025-08-02 17:46:48  INFO: login failed from: [0:0:0:0:0:0:0:1]
2025-08-02 17:46:54  INFO: login failed from: [0:0:0:0:0:0:0:1]
2025-08-02 17:46:59  INFO: login failed from: [0:0:0:0:0:0:0:1]
2025-08-02 17:48:30  INFO: Stopping server...
2025-08-02 17:48:41  INFO: Operating system name: Linux version: 6.6.87.2-microsoft-standard-WSL2 architecture: amd64
2025-08-02 17:48:41  INFO: Java runtime name: OpenJDK 64-Bit Server VM vendor: Ubuntu version: 17.0.15+6-Ubuntu-0ubuntu122.04
2025-08-02 17:48:41  INFO: Memory limit heap: 954mb non-heap: 0mb
2025-08-02 17:48:41  INFO: Character encoding: UTF-8
2025-08-02 17:48:41  INFO: Version: 6.8.1
2025-08-02 17:48:41  INFO: Starting server...
2025-08-02 17:48:42  INFO: HikariPool-1 - Starting...
2025-08-02 17:48:42  INFO: HikariPool-1 - Added connection conn0: url=jdbc:h2:./data/database user=SA
2025-08-02 17:48:42  INFO: HikariPool-1 - Start completed.
2025-08-02 17:48:42  INFO: Set default schema name to PUBLIC
2025-08-02 17:48:42  INFO: Clearing database change log checksums
2025-08-02 17:48:42  INFO: Successfully acquired change log lock
2025-08-02 17:48:42  INFO: Successfully released change log lock
2025-08-02 17:48:43  INFO: Reading from PUBLIC.DATABASECHANGELOG
2025-08-02 17:48:43  INFO: Reading from PUBLIC.DATABASECHANGELOG
2025-08-02 17:48:43  INFO: Reading from PUBLIC.DATABASECHANGELOG
2025-08-02 17:48:43  INFO: UPDATE SUMMARY
2025-08-02 17:48:43  INFO: Run:                          0
2025-08-02 17:48:43  INFO: Previously run:              28
2025-08-02 17:48:43  INFO: Filtered out:                 0
2025-08-02 17:48:43  INFO: -------------------------------
2025-08-02 17:48:43  INFO: Total change sets:           28

2025-08-02 17:48:43  INFO: Update summary generated
2025-08-02 17:48:43  INFO: Successfully released change log lock
2025-08-02 17:48:43  INFO: Command execution complete
2025-08-02 17:48:44  INFO: jetty-11.0.25; built: 2025-03-13T00:15:57.301Z; git: a2e9fae3ad8320f2a713d4fa29bba356a99d1295; jvm 17.0.15+6-Ubuntu-0ubuntu122.04
2025-08-02 17:48:44  INFO: Started o.t.w.@46868cea{/,null,AVAILABLE}
2025-08-02 17:48:44  INFO: Session workerName=node0
2025-08-02 17:48:45  INFO: Started o.e.j.s.ServletContextHandler@44ae3030{/,null,AVAILABLE}
2025-08-02 17:48:45  INFO: Started ServerConnector@28354472{HTTP/1.1, (http/1.1)}{0.0.0.0:8082}
2025-08-02 17:48:45  INFO: Started Server@29395ae2{STARTING}[11.0.25,sto=0] @4058ms
2025-08-02 17:52:39  INFO: Stopping server...
2025-08-02 18:01:36  INFO: Operating system name: Linux version: 6.6.87.2-microsoft-standard-WSL2 architecture: amd64
2025-08-02 18:01:36  INFO: Java runtime name: OpenJDK 64-Bit Server VM vendor: Ubuntu version: 17.0.15+6-Ubuntu-0ubuntu122.04
2025-08-02 18:01:36  INFO: Memory limit heap: 954mb non-heap: 0mb
2025-08-02 18:01:36  INFO: Character encoding: UTF-8
2025-08-02 18:01:36  INFO: Version: 6.8.1
2025-08-02 18:01:36  INFO: Starting server...
2025-08-02 18:01:37  INFO: HikariPool-1 - Starting...
2025-08-02 18:01:37  INFO: HikariPool-1 - Added connection conn0: url=jdbc:h2:./data/database user=SA
2025-08-02 18:01:37  INFO: HikariPool-1 - Start completed.
2025-08-02 18:01:37  INFO: Set default schema name to PUBLIC
2025-08-02 18:01:37  INFO: Clearing database change log checksums
2025-08-02 18:01:37  INFO: Successfully acquired change log lock
2025-08-02 18:01:37  INFO: Successfully released change log lock
2025-08-02 18:01:38  INFO: Reading from PUBLIC.DATABASECHANGELOG
2025-08-02 18:01:38  INFO: Reading from PUBLIC.DATABASECHANGELOG
2025-08-02 18:01:38  INFO: Reading from PUBLIC.DATABASECHANGELOG
2025-08-02 18:01:39  INFO: UPDATE SUMMARY
2025-08-02 18:01:39  INFO: Run:                          0
2025-08-02 18:01:39  INFO: Previously run:              28
2025-08-02 18:01:39  INFO: Filtered out:                 0
2025-08-02 18:01:39  INFO: -------------------------------
2025-08-02 18:01:39  INFO: Total change sets:           28

2025-08-02 18:01:39  INFO: Update summary generated
2025-08-02 18:01:39  INFO: Successfully released change log lock
2025-08-02 18:01:39  INFO: Command execution complete
2025-08-02 18:01:40  INFO: jetty-11.0.25; built: 2025-03-13T00:15:57.301Z; git: a2e9fae3ad8320f2a713d4fa29bba356a99d1295; jvm 17.0.15+6-Ubuntu-0ubuntu122.04
2025-08-02 18:01:40  INFO: Started o.t.w.@46868cea{/,null,AVAILABLE}
2025-08-02 18:01:40  INFO: Session workerName=node0
2025-08-02 18:01:40  INFO: Started o.e.j.s.ServletContextHandler@44ae3030{/,null,AVAILABLE}
2025-08-02 18:01:40  INFO: Started ServerConnector@28354472{HTTP/1.1, (http/1.1)}{0.0.0.0:8082}
2025-08-02 18:01:40  INFO: Started Server@29395ae2{STARTING}[11.0.25,sto=0] @4584ms
2025-08-02 18:02:21  INFO: Stopping server...
2025-08-02 18:02:46  INFO: Operating system name: Linux version: 6.6.87.2-microsoft-standard-WSL2 architecture: amd64
2025-08-02 18:02:46  INFO: Java runtime name: OpenJDK 64-Bit Server VM vendor: Ubuntu version: 17.0.15+6-Ubuntu-0ubuntu122.04
2025-08-02 18:02:46  INFO: Memory limit heap: 954mb non-heap: 0mb
2025-08-02 18:02:46  INFO: Character encoding: UTF-8
2025-08-02 18:02:46  INFO: Version: 6.8.1
2025-08-02 18:02:46  INFO: Starting server...
2025-08-02 18:02:46  INFO: HikariPool-1 - Starting...
2025-08-02 18:02:47  INFO: HikariPool-1 - Added connection conn0: url=jdbc:h2:./data/database user=SA
2025-08-02 18:02:47  INFO: HikariPool-1 - Start completed.
2025-08-02 18:02:47  INFO: Set default schema name to PUBLIC
2025-08-02 18:02:47  INFO: Clearing database change log checksums
2025-08-02 18:02:47  INFO: Successfully acquired change log lock
2025-08-02 18:02:47  INFO: Successfully released change log lock
2025-08-02 18:02:48  INFO: Reading from PUBLIC.DATABASECHANGELOG
2025-08-02 18:02:48  INFO: Reading from PUBLIC.DATABASECHANGELOG
2025-08-02 18:02:48  INFO: Reading from PUBLIC.DATABASECHANGELOG
2025-08-02 18:02:48  INFO: UPDATE SUMMARY
2025-08-02 18:02:48  INFO: Run:                          0
2025-08-02 18:02:48  INFO: Previously run:              28
2025-08-02 18:02:48  INFO: Filtered out:                 0
2025-08-02 18:02:48  INFO: -------------------------------
2025-08-02 18:02:48  INFO: Total change sets:           28

2025-08-02 18:02:48  INFO: Update summary generated
2025-08-02 18:02:48  INFO: Successfully released change log lock
2025-08-02 18:02:48  INFO: Command execution complete
2025-08-02 18:02:49  INFO: jetty-11.0.25; built: 2025-03-13T00:15:57.301Z; git: a2e9fae3ad8320f2a713d4fa29bba356a99d1295; jvm 17.0.15+6-Ubuntu-0ubuntu122.04
2025-08-02 18:02:49  INFO: Started o.t.w.@46868cea{/,null,AVAILABLE}
2025-08-02 18:02:49  INFO: Session workerName=node0
2025-08-02 18:02:49  INFO: Started o.e.j.s.ServletContextHandler@44ae3030{/,null,AVAILABLE}
2025-08-02 18:02:49  INFO: Started ServerConnector@28354472{HTTP/1.1, (http/1.1)}{0.0.0.0:8082}
2025-08-02 18:02:49  INFO: Started Server@29395ae2{STARTING}[11.0.25,sto=0] @3908ms
2025-08-02 18:02:55  INFO: login failed from: [0:0:0:0:0:0:0:1]
2025-08-02 18:05:10  INFO: Stopping server...
2025-08-02 18:05:41  INFO: Operating system name: Linux version: 6.6.87.2-microsoft-standard-WSL2 architecture: amd64
2025-08-02 18:05:41  INFO: Java runtime name: OpenJDK 64-Bit Server VM vendor: Ubuntu version: 17.0.15+6-Ubuntu-0ubuntu122.04
2025-08-02 18:05:41  INFO: Memory limit heap: 954mb non-heap: 0mb
2025-08-02 18:05:41  INFO: Character encoding: UTF-8
2025-08-02 18:05:41  INFO: Version: 6.8.1
2025-08-02 18:05:41  INFO: Starting server...
2025-08-02 18:05:41  INFO: HikariPool-1 - Starting...
2025-08-02 18:05:42  INFO: HikariPool-1 - Added connection conn0: url=jdbc:h2:./data/database user=SA
2025-08-02 18:05:42  INFO: HikariPool-1 - Start completed.
2025-08-02 18:05:42  INFO: Set default schema name to PUBLIC
2025-08-02 18:05:42  INFO: Clearing database change log checksums
2025-08-02 18:05:42  INFO: Successfully acquired change log lock
2025-08-02 18:05:42  INFO: Successfully released change log lock
2025-08-02 18:05:43  INFO: Reading from PUBLIC.DATABASECHANGELOG
2025-08-02 18:05:43  INFO: Reading from PUBLIC.DATABASECHANGELOG
2025-08-02 18:05:43  INFO: Reading from PUBLIC.DATABASECHANGELOG
2025-08-02 18:05:43  INFO: UPDATE SUMMARY
2025-08-02 18:05:43  INFO: Run:                          0
2025-08-02 18:05:43  INFO: Previously run:              28
2025-08-02 18:05:43  INFO: Filtered out:                 0
2025-08-02 18:05:43  INFO: -------------------------------
2025-08-02 18:05:43  INFO: Total change sets:           28

2025-08-02 18:05:43  INFO: Update summary generated
2025-08-02 18:05:43  INFO: Successfully released change log lock
2025-08-02 18:05:43  INFO: Command execution complete
2025-08-02 18:05:44  INFO: jetty-11.0.25; built: 2025-03-13T00:15:57.301Z; git: a2e9fae3ad8320f2a713d4fa29bba356a99d1295; jvm 17.0.15+6-Ubuntu-0ubuntu122.04
2025-08-02 18:05:44  INFO: Started o.t.w.@46868cea{/,null,AVAILABLE}
2025-08-02 18:05:44  INFO: Session workerName=node0
2025-08-02 18:05:45  INFO: Started o.e.j.s.ServletContextHandler@44ae3030{/,null,AVAILABLE}
2025-08-02 18:05:45  INFO: Started ServerConnector@28354472{HTTP/1.1, (http/1.1)}{0.0.0.0:8082}
2025-08-02 18:05:45  INFO: Started Server@29395ae2{STARTING}[11.0.25,sto=0] @3934ms
2025-08-02 18:05:48  INFO: Stopping server...
2025-08-02 18:06:10  INFO: Operating system name: Linux version: 6.6.87.2-microsoft-standard-WSL2 architecture: amd64
2025-08-02 18:06:10  INFO: Java runtime name: OpenJDK 64-Bit Server VM vendor: Ubuntu version: 17.0.15+6-Ubuntu-0ubuntu122.04
2025-08-02 18:06:10  INFO: Memory limit heap: 954mb non-heap: 0mb
2025-08-02 18:06:10  INFO: Character encoding: UTF-8
2025-08-02 18:06:10  INFO: Version: 6.8.1
2025-08-02 18:06:10  INFO: Starting server...
2025-08-02 18:06:10  INFO: HikariPool-1 - Starting...
2025-08-02 18:06:10  INFO: HikariPool-1 - Added connection conn0: url=jdbc:h2:./data/database user=SA
2025-08-02 18:06:10  INFO: HikariPool-1 - Start completed.
2025-08-02 18:06:10  INFO: Set default schema name to PUBLIC
2025-08-02 18:06:10  INFO: Clearing database change log checksums
2025-08-02 18:06:10  INFO: Successfully acquired change log lock
2025-08-02 18:06:11  INFO: Successfully released change log lock
2025-08-02 18:06:11  INFO: Reading from PUBLIC.DATABASECHANGELOG
2025-08-02 18:06:12  INFO: Reading from PUBLIC.DATABASECHANGELOG
2025-08-02 18:06:12  INFO: Reading from PUBLIC.DATABASECHANGELOG
2025-08-02 18:06:12  INFO: UPDATE SUMMARY
2025-08-02 18:06:12  INFO: Run:                          0
2025-08-02 18:06:12  INFO: Previously run:              28
2025-08-02 18:06:12  INFO: Filtered out:                 0
2025-08-02 18:06:12  INFO: -------------------------------
2025-08-02 18:06:12  INFO: Total change sets:           28

2025-08-02 18:06:12  INFO: Update summary generated
2025-08-02 18:06:12  INFO: Successfully released change log lock
2025-08-02 18:06:12  INFO: Command execution complete
2025-08-02 18:06:13  INFO: jetty-11.0.25; built: 2025-03-13T00:15:57.301Z; git: a2e9fae3ad8320f2a713d4fa29bba356a99d1295; jvm 17.0.15+6-Ubuntu-0ubuntu122.04
2025-08-02 18:06:13  INFO: Started o.t.w.@38a94c0f{/,null,AVAILABLE}
2025-08-02 18:06:13  INFO: Session workerName=node0
2025-08-02 18:06:13  INFO: Started o.e.j.s.ServletContextHandler@3633906e{/,null,AVAILABLE}
2025-08-02 18:06:13  INFO: Started ServerConnector@41a57497{HTTP/1.1, (http/1.1)}{0.0.0.0:8082}
2025-08-02 18:06:13  INFO: Started Server@21e37205{STARTING}[11.0.25,sto=0] @3755ms
